[debug] [2024-05-20T08:41:34.395Z] ----------------------------------------------------------------------
[debug] [2024-05-20T08:41:34.417Z] Command:       C:\Program Files\nodejs\node.exe C:\Users\samir\AppData\Roaming\npm\node_modules\firebase-tools\lib\bin\firebase.js init
[debug] [2024-05-20T08:41:34.422Z] CLI Version:   13.2.1
[debug] [2024-05-20T08:41:34.426Z] Platform:      win32
[debug] [2024-05-20T08:41:34.429Z] Node Version:  v18.16.1
[debug] [2024-05-20T08:41:34.438Z] Time:          Mon May 20 2024 14:11:34 GMT+0530 (India Standard Time)
[debug] [2024-05-20T08:41:34.440Z] ----------------------------------------------------------------------
[debug] 
[debug] [2024-05-20T08:41:34.476Z] >>> [apiv2][query] GET https://firebase-public.firebaseio.com/cli.json [none]
[debug] [2024-05-20T08:41:35.031Z] > command requires scopes: ["email","openid","https://www.googleapis.com/auth/cloudplatformprojects.readonly","https://www.googleapis.com/auth/firebase","https://www.googleapis.com/auth/cloud-platform"]
[debug] [2024-05-20T08:41:35.035Z] > authorizing via signed-in user (samirkunwar9187@gmail.com)
[info] 
     ######## #### ########  ######## ########     ###     ######  ########
     ##        ##  ##     ## ##       ##     ##  ##   ##  ##       ##
     ######    ##  ########  ######   ########  #########  ######  ######
     ##        ##  ##    ##  ##       ##     ## ##     ##       ## ##
     ##       #### ##     ## ######## ########  ##     ##  ######  ########

You're about to initialize a Firebase project in this directory:

  C:\Users\samir\OneDrive\Desktop\chat\expense-tracker-firebase-react

[debug] [2024-05-20T08:41:36.099Z] <<< [apiv2][status] GET https://firebase-public.firebaseio.com/cli.json 200
[debug] [2024-05-20T08:41:36.104Z] <<< [apiv2][body] GET https://firebase-public.firebaseio.com/cli.json {"cloudBuildErrorAfter":1594252800000,"cloudBuildWarnAfter":1590019200000,"defaultNode10After":1594252800000,"minVersion":"3.0.5","node8DeploysDisabledAfter":1613390400000,"node8RuntimeDisabledAfter":1615809600000,"node8WarnAfter":1600128000000}
[info] 
=== Project Setup
[info] 
[info] First, let's associate this project directory with a Firebase project.
[info] You can create multiple project aliases by running firebase use --add, 
[info] but for now we'll just set up a default project.
[info] 
[debug] [2024-05-20T08:43:27.201Z] > refreshing access token with scopes: []
[debug] [2024-05-20T08:43:27.211Z] >>> [apiv2][query] POST https://www.googleapis.com/oauth2/v3/token [none]
[debug] [2024-05-20T08:43:27.212Z] >>> [apiv2][body] POST https://www.googleapis.com/oauth2/v3/token [omitted]
[debug] [2024-05-20T08:43:27.897Z] <<< [apiv2][status] POST https://www.googleapis.com/oauth2/v3/token 200
[debug] [2024-05-20T08:43:27.898Z] <<< [apiv2][body] POST https://www.googleapis.com/oauth2/v3/token [omitted]
[debug] [2024-05-20T08:43:28.048Z] >>> [apiv2][query] GET https://firebase.googleapis.com/v1beta1/projects pageSize=100
[debug] [2024-05-20T08:43:29.043Z] <<< [apiv2][status] GET https://firebase.googleapis.com/v1beta1/projects 200
[debug] [2024-05-20T08:43:29.044Z] <<< [apiv2][body] GET https://firebase.googleapis.com/v1beta1/projects [omitted]
[info] i  Using project reactchat-152f4 (ExpenseTracker) 
[info] 
=== Hosting Setup
[debug] [2024-05-20T08:43:36.350Z] >>> [apiv2][query] GET https://firebase.googleapis.com/v1beta1/projects/reactchat-152f4 [none]
[debug] [2024-05-20T08:43:36.964Z] <<< [apiv2][status] GET https://firebase.googleapis.com/v1beta1/projects/reactchat-152f4 200
[debug] [2024-05-20T08:43:36.966Z] <<< [apiv2][body] GET https://firebase.googleapis.com/v1beta1/projects/reactchat-152f4 {"projectId":"reactchat-152f4","projectNumber":"211471182001","displayName":"ExpenseTracker","name":"projects/reactchat-152f4","resources":{"hostingSite":"reactchat-152f4","storageBucket":"reactchat-152f4.appspot.com","locationId":"us-central"},"state":"ACTIVE","etag":"1_24779731-7f88-4aee-80e1-5fcfd31d78e8"}
[info] 
[info] Your public directory is the folder (relative to your project directory) that
[info] will contain Hosting assets to be uploaded with firebase deploy. If you
[info] have a build process for your assets, use your build's output directory.
[info] 
[info] i  Skipping write of public/404.html 
[debug] [2024-05-20T08:44:53.380Z] >>> [apiv2][query] GET https://www.gstatic.com/firebasejs/releases.json [none]
[debug] [2024-05-20T08:44:53.713Z] <<< [apiv2][status] GET https://www.gstatic.com/firebasejs/releases.json 200
[debug] [2024-05-20T08:44:53.714Z] <<< [apiv2][body] GET https://www.gstatic.com/firebasejs/releases.json {"current":{"version":"10.12.0","browserURL":"https://www.gstatic.com/firebasejs/10.12.0/firebase.js","packageURL":"https://www.gstatic.com/firebasejs/10.12.0/firebase.tgz"},"live":{"version":"10.12","browserURL":"https://www.gstatic.com/firebasejs/live/10.12/firebase.js","packageURL":"https://www.gstatic.com/firebasejs/live/10.12/firebase.tgz"},"components":{"analytics":"https://www.gstatic.com/firebasejs/10.12.0/firebase-analytics.js","app":"https://www.gstatic.com/firebasejs/10.12.0/firebase-app.js","app-check":"https://www.gstatic.com/firebasejs/10.12.0/firebase-app-check.js","auth":"https://www.gstatic.com/firebasejs/10.12.0/firebase-auth.js","auth/cordova":"https://www.gstatic.com/firebasejs/10.12.0/firebase-auth/cordova.js","auth/web-extension":"https://www.gstatic.com/firebasejs/10.12.0/firebase-auth/web-extension.js","functions":"https://www.gstatic.com/firebasejs/10.12.0/firebase-functions.js","firestore":"https://www.gstatic.com/firebasejs/10.12.0/firebase-firestore.js","firestore/lite":"https://www.gstatic.com/firebasejs/10.12.0/firebase-firestore/lite.js","installations":"https://www.gstatic.com/firebasejs/10.12.0/firebase-installations.js","storage":"https://www.gstatic.com/firebasejs/10.12.0/firebase-storage.js","performance":"https://www.gstatic.com/firebasejs/10.12.0/firebase-performance.js","remote-config":"https://www.gstatic.com/firebasejs/10.12.0/firebase-remote-config.js","messaging":"https://www.gstatic.com/firebasejs/10.12.0/firebase-messaging.js","messaging/sw":"https://www.gstatic.com/firebasejs/10.12.0/firebase-messaging/sw.js","database":"https://www.gstatic.com/firebasejs/10.12.0/firebase-database.js","vertexai-preview":"https://www.gstatic.com/firebasejs/10.12.0/firebase-vertexai-preview.js","firestore.memory":"https://www.gstatic.com/firebasejs/10.12.0/firebase-firestore.memory.js"}}
[info] i  Skipping write of public/index.html 
[info] 
[info] i  Detected a .git folder at C:\Users\samir\OneDrive\Desktop\chat\expense-tracker-firebase-react 
[info] i  Authorizing with GitHub to upload your service account to a GitHub repository's secrets store. 
[info] 
[info] Visit this URL on this device to log in:
[info] https://github.com/login/oauth/authorize?client_id=89cf50f02ac6aaed3484&state=286599789&redirect_uri=http%3A%2F%2Flocalhost%3A9005&scope=read%3Auser%20repo%20public_repo
[info] 
[info] Waiting for authentication...
[debug] [2024-05-20T08:45:02.699Z] >>> [apiv2][query] POST https://github.com/login/oauth/access_token [none]
[debug] [2024-05-20T08:45:02.701Z] >>> [apiv2][body] POST https://github.com/login/oauth/access_token [stream]
[debug] [2024-05-20T08:45:03.526Z] <<< [apiv2][status] POST https://github.com/login/oauth/access_token 200
[debug] [2024-05-20T08:45:03.528Z] <<< [apiv2][body] POST https://github.com/login/oauth/access_token {"access_token":"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","token_type":"bearer","scope":"read:user,repo"}
[debug] [2024-05-20T08:45:04.359Z] >>> [apiv2][query] GET https://api.github.com/user [none]
[debug] [2024-05-20T08:45:05.149Z] <<< [apiv2][status] GET https://api.github.com/user 200
[debug] [2024-05-20T08:45:05.150Z] <<< [apiv2][body] GET https://api.github.com/user {"login":"samir9187","id":86612382,"node_id":"MDQ6VXNlcjg2NjEyMzgy","avatar_url":"https://avatars.githubusercontent.com/u/86612382?v=4","gravatar_id":"","url":"https://api.github.com/users/samir9187","html_url":"https://github.com/samir9187","followers_url":"https://api.github.com/users/samir9187/followers","following_url":"https://api.github.com/users/samir9187/following{/other_user}","gists_url":"https://api.github.com/users/samir9187/gists{/gist_id}","starred_url":"https://api.github.com/users/samir9187/starred{/owner}{/repo}","subscriptions_url":"https://api.github.com/users/samir9187/subscriptions","organizations_url":"https://api.github.com/users/samir9187/orgs","repos_url":"https://api.github.com/users/samir9187/repos","events_url":"https://api.github.com/users/samir9187/events{/privacy}","received_events_url":"https://api.github.com/users/samir9187/received_events","type":"User","site_admin":false,"name":"Samir Kumar Kunwar","company":null,"blog":"","location":null,"email":null,"hireable":null,"bio":null,"twitter_username":null,"public_repos":11,"public_gists":0,"followers":1,"following":1,"created_at":"2021-06-28T14:17:13Z","updated_at":"2024-05-13T17:41:27Z","private_gists":0,"total_private_repos":3,"owned_private_repos":3,"disk_usage":4333,"collaborators":0,"two_factor_authentication":false,"plan":{"name":"free","space":976562499,"collaborators":0,"private_repos":10000}}
[info] 
[info] +  Success! Logged into GitHub as samir9187 
[info] 
